<?xml version="1.0" encoding="UTF-8"?>
<testsuite name="com.build.project.boot.web.dto.HelloResponseDtoTest" tests="1" skipped="0" failures="0" errors="0" timestamp="2021-06-23T01:04:00" hostname="DESKTOP-OT6KT9G" time="0.006">
  <properties/>
  <testcase name="lombokTest" classname="com.build.project.boot.web.dto.HelloResponseDtoTest" time="0.006"/>
  <system-out><![CDATA[]]></system-out>
  <system-err><![CDATA[]]></system-err>
</testsuite>
