<?xml version="1.0" encoding="UTF-8"?>
<<<<<<< Updated upstream
<testsuite name="com.build.project.boot.web.HelloControllerTest" tests="2" skipped="0" failures="0" errors="0" timestamp="2021-06-23T01:04:01" hostname="DESKTOP-OT6KT9G" time="0.176">
  <properties/>
  <testcase name="returnHelloDto" classname="com.build.project.boot.web.HelloControllerTest" time="0.166"/>
  <testcase name="returnHello" classname="com.build.project.boot.web.HelloControllerTest" time="0.009"/>
  <system-out><![CDATA[2021-06-23 10:04:00.802  INFO 2408 --- [    Test worker] .b.t.a.w.s.WebMvcTestContextBootstrapper : Neither @ContextConfiguration nor @ContextHierarchy found for test class [com.build.project.boot.web.HelloControllerTest], using SpringBootContextLoader
2021-06-23 10:04:00.802  INFO 2408 --- [    Test worker] o.s.t.c.support.AbstractContextLoader    : Could not detect default resource locations for test class [com.build.project.boot.web.HelloControllerTest]: no resource found for suffixes {-context.xml, Context.groovy}.
2021-06-23 10:04:00.802  INFO 2408 --- [    Test worker] t.c.s.AnnotationConfigContextLoaderUtils : Could not detect default configuration classes for test class [com.build.project.boot.web.HelloControllerTest]: HelloControllerTest does not declare any static, non-private, non-final, nested classes annotated with @Configuration.
2021-06-23 10:04:00.851  INFO 2408 --- [    Test worker] .b.t.c.SpringBootTestContextBootstrapper : Found @SpringBootConfiguration com.build.project.boot.Application for test class com.build.project.boot.web.HelloControllerTest
2021-06-23 10:04:00.851  INFO 2408 --- [    Test worker] .b.t.a.w.s.WebMvcTestContextBootstrapper : Loaded default TestExecutionListener class names from location [META-INF/spring.factories]: [org.springframework.security.test.context.support.WithSecurityContextTestExecutionListener, org.springframework.security.test.context.support.ReactorContextTestExecutionListener, org.springframework.boot.test.autoconfigure.restdocs.RestDocsTestExecutionListener, org.springframework.boot.test.autoconfigure.web.client.MockRestServiceServerResetTestExecutionListener, org.springframework.boot.test.autoconfigure.web.servlet.MockMvcPrintOnlyOnFailureTestExecutionListener, org.springframework.boot.test.autoconfigure.web.servlet.WebDriverTestExecutionListener, org.springframework.boot.test.mock.mockito.MockitoTestExecutionListener, org.springframework.boot.test.mock.mockito.ResetMocksTestExecutionListener, org.springframework.test.context.web.ServletTestExecutionListener, org.springframework.test.context.support.DirtiesContextBeforeModesTestExecutionListener, org.springframework.test.context.support.DependencyInjectionTestExecutionListener, org.springframework.test.context.support.DirtiesContextTestExecutionListener, org.springframework.test.context.transaction.TransactionalTestExecutionListener, org.springframework.test.context.jdbc.SqlScriptsTestExecutionListener]
2021-06-23 10:04:00.853  INFO 2408 --- [    Test worker] .b.t.a.w.s.WebMvcTestContextBootstrapper : Using TestExecutionListeners: [org.springframework.test.context.web.ServletTestExecutionListener@7064c40e, org.springframework.test.context.support.DirtiesContextBeforeModesTestExecutionListener@61b9a67a, org.springframework.boot.test.mock.mockito.MockitoTestExecutionListener@6159ac8c, org.springframework.boot.test.autoconfigure.SpringBootDependencyInjectionTestExecutionListener@54015284, org.springframework.test.context.support.DirtiesContextTestExecutionListener@213b8be, org.springframework.test.context.transaction.TransactionalTestExecutionListener@2e3554f0, org.springframework.test.context.jdbc.SqlScriptsTestExecutionListener@2a4a076, org.springframework.security.test.context.support.WithSecurityContextTestExecutionListener@5cef57d4, org.springframework.security.test.context.support.ReactorContextTestExecutionListener@4326c2bf, org.springframework.boot.test.autoconfigure.restdocs.RestDocsTestExecutionListener@47308cff, org.springframework.boot.test.autoconfigure.web.client.MockRestServiceServerResetTestExecutionListener@6030237f, org.springframework.boot.test.autoconfigure.web.servlet.MockMvcPrintOnlyOnFailureTestExecutionListener@4647895a, org.springframework.boot.test.autoconfigure.web.servlet.WebDriverTestExecutionListener@33018817, org.springframework.boot.test.mock.mockito.ResetMocksTestExecutionListener@7015adfc]
=======
<testsuite name="com.build.project.boot.web.HelloControllerTest" tests="2" skipped="0" failures="0" errors="0" timestamp="2021-06-23T00:20:58" hostname="boot-project-build" time="0.31">
  <properties/>
  <testcase name="returnHelloDto" classname="com.build.project.boot.web.HelloControllerTest" time="0.289"/>
  <testcase name="returnHello" classname="com.build.project.boot.web.HelloControllerTest" time="0.02"/>
  <system-out><![CDATA[2021-06-23 09:20:56.803  INFO 920 --- [    Test worker] .b.t.a.w.s.WebMvcTestContextBootstrapper : Neither @ContextConfiguration nor @ContextHierarchy found for test class [com.build.project.boot.web.HelloControllerTest], using SpringBootContextLoader
2021-06-23 09:20:56.804  INFO 920 --- [    Test worker] o.s.t.c.support.AbstractContextLoader    : Could not detect default resource locations for test class [com.build.project.boot.web.HelloControllerTest]: no resource found for suffixes {-context.xml, Context.groovy}.
2021-06-23 09:20:56.805  INFO 920 --- [    Test worker] t.c.s.AnnotationConfigContextLoaderUtils : Could not detect default configuration classes for test class [com.build.project.boot.web.HelloControllerTest]: HelloControllerTest does not declare any static, non-private, non-final, nested classes annotated with @Configuration.
2021-06-23 09:20:56.855  INFO 920 --- [    Test worker] .b.t.c.SpringBootTestContextBootstrapper : Found @SpringBootConfiguration com.build.project.boot.Application for test class com.build.project.boot.web.HelloControllerTest
2021-06-23 09:20:56.856  INFO 920 --- [    Test worker] .b.t.a.w.s.WebMvcTestContextBootstrapper : Loaded default TestExecutionListener class names from location [META-INF/spring.factories]: [org.springframework.security.test.context.support.WithSecurityContextTestExecutionListener, org.springframework.security.test.context.support.ReactorContextTestExecutionListener, org.springframework.boot.test.autoconfigure.restdocs.RestDocsTestExecutionListener, org.springframework.boot.test.autoconfigure.web.client.MockRestServiceServerResetTestExecutionListener, org.springframework.boot.test.autoconfigure.web.servlet.MockMvcPrintOnlyOnFailureTestExecutionListener, org.springframework.boot.test.autoconfigure.web.servlet.WebDriverTestExecutionListener, org.springframework.boot.test.mock.mockito.MockitoTestExecutionListener, org.springframework.boot.test.mock.mockito.ResetMocksTestExecutionListener, org.springframework.test.context.web.ServletTestExecutionListener, org.springframework.test.context.support.DirtiesContextBeforeModesTestExecutionListener, org.springframework.test.context.support.DependencyInjectionTestExecutionListener, org.springframework.test.context.support.DirtiesContextTestExecutionListener, org.springframework.test.context.transaction.TransactionalTestExecutionListener, org.springframework.test.context.jdbc.SqlScriptsTestExecutionListener]
2021-06-23 09:20:56.862  INFO 920 --- [    Test worker] .b.t.a.w.s.WebMvcTestContextBootstrapper : Using TestExecutionListeners: [org.springframework.test.context.web.ServletTestExecutionListener@46ee8b3a, org.springframework.test.context.support.DirtiesContextBeforeModesTestExecutionListener@4a77a4c, org.springframework.boot.test.mock.mockito.MockitoTestExecutionListener@d5c1528, org.springframework.boot.test.autoconfigure.SpringBootDependencyInjectionTestExecutionListener@4a4a9ba3, org.springframework.test.context.support.DirtiesContextTestExecutionListener@784f7e8b, org.springframework.test.context.transaction.TransactionalTestExecutionListener@47850ed4, org.springframework.test.context.jdbc.SqlScriptsTestExecutionListener@2a9da659, org.springframework.security.test.context.support.WithSecurityContextTestExecutionListener@3414a72a, org.springframework.security.test.context.support.ReactorContextTestExecutionListener@372c2c05, org.springframework.boot.test.autoconfigure.restdocs.RestDocsTestExecutionListener@58b0779a, org.springframework.boot.test.autoconfigure.web.client.MockRestServiceServerResetTestExecutionListener@1f58bdbb, org.springframework.boot.test.autoconfigure.web.servlet.MockMvcPrintOnlyOnFailureTestExecutionListener@e64648d, org.springframework.boot.test.autoconfigure.web.servlet.WebDriverTestExecutionListener@587e2d40, org.springframework.boot.test.mock.mockito.ResetMocksTestExecutionListener@3a98d72]
>>>>>>> Stashed changes

  .   ____          _            __ _ _
 /\\ / ___'_ __ _ _(_)_ __  __ _ \ \ \ \
( ( )\___ | '_ | '_| | '_ \/ _` | \ \ \ \
 \\/  ___)| |_)| | | | | || (_| |  ) ) ) )
  '  |____| .__|_| |_|_| |_\__, | / / / /
 =========|_|==============|___/=/_/_/_/
 :: Spring Boot ::        (v2.1.7.RELEASE)

<<<<<<< Updated upstream
2021-06-23 10:04:00.901  INFO 2408 --- [    Test worker] c.b.p.boot.web.HelloControllerTest       : Starting HelloControllerTest on DESKTOP-OT6KT9G with PID 2408 (started by user in C:\Users\user\IdeaProjects\boot-project-build)
2021-06-23 10:04:00.904  INFO 2408 --- [    Test worker] c.b.p.boot.web.HelloControllerTest       : No active profile set, falling back to default profiles: default
2021-06-23 10:04:01.400  INFO 2408 --- [    Test worker] o.s.s.concurrent.ThreadPoolTaskExecutor  : Initializing ExecutorService 'applicationTaskExecutor'
2021-06-23 10:04:01.430  INFO 2408 --- [    Test worker] o.s.b.a.w.s.WelcomePageHandlerMapping    : Adding welcome page template: index
2021-06-23 10:04:01.642  INFO 2408 --- [    Test worker] .s.s.UserDetailsServiceAutoConfiguration : 

Using generated security password: 65631d61-bdf8-4a4a-8a90-a8434aa34836

2021-06-23 10:04:01.763  INFO 2408 --- [    Test worker] o.s.s.web.DefaultSecurityFilterChain     : Creating filter chain: any request, [org.springframework.security.web.context.request.async.WebAsyncManagerIntegrationFilter@2f9bbefe, org.springframework.security.web.context.SecurityContextPersistenceFilter@13390b7a, org.springframework.security.web.header.HeaderWriterFilter@378dc5f9, org.springframework.security.web.csrf.CsrfFilter@369a7fb6, org.springframework.security.web.authentication.logout.LogoutFilter@24962402, org.springframework.security.web.authentication.UsernamePasswordAuthenticationFilter@5cafed81, org.springframework.security.web.authentication.ui.DefaultLoginPageGeneratingFilter@7b24a02d, org.springframework.security.web.authentication.ui.DefaultLogoutPageGeneratingFilter@5b565ac5, org.springframework.security.web.authentication.www.BasicAuthenticationFilter@391dedbb, org.springframework.security.web.savedrequest.RequestCacheAwareFilter@ba2b374, org.springframework.security.web.servletapi.SecurityContextHolderAwareRequestFilter@52d90df4, org.springframework.security.web.authentication.AnonymousAuthenticationFilter@df01421, org.springframework.security.web.session.SessionManagementFilter@528f7b71, org.springframework.security.web.access.ExceptionTranslationFilter@51c92940, org.springframework.security.web.access.intercept.FilterSecurityInterceptor@483d0786]
2021-06-23 10:04:01.812  INFO 2408 --- [    Test worker] o.s.b.t.m.w.SpringBootMockServletContext : Initializing Spring TestDispatcherServlet ''
2021-06-23 10:04:01.812  INFO 2408 --- [    Test worker] o.s.t.web.servlet.TestDispatcherServlet  : Initializing Servlet ''
2021-06-23 10:04:01.824  INFO 2408 --- [    Test worker] o.s.t.web.servlet.TestDispatcherServlet  : Completed initialization in 12 ms
2021-06-23 10:04:01.854  INFO 2408 --- [    Test worker] c.b.p.boot.web.HelloControllerTest       : Started HelloControllerTest in 1.001 seconds (JVM running for 9.506)
=======
2021-06-23 09:20:56.923  INFO 920 --- [    Test worker] c.b.p.boot.web.HelloControllerTest       : Starting HelloControllerTest on boot-project-build with PID 920 (started by ec2-user in /home/ec2-user/app/step1/boot-project-build)
2021-06-23 09:20:56.935  INFO 920 --- [    Test worker] c.b.p.boot.web.HelloControllerTest       : No active profile set, falling back to default profiles: default
2021-06-23 09:20:57.751  INFO 920 --- [    Test worker] o.s.s.concurrent.ThreadPoolTaskExecutor  : Initializing ExecutorService 'applicationTaskExecutor'
2021-06-23 09:20:57.829  INFO 920 --- [    Test worker] o.s.b.a.w.s.WelcomePageHandlerMapping    : Adding welcome page template: index
2021-06-23 09:20:58.185  INFO 920 --- [    Test worker] .s.s.UserDetailsServiceAutoConfiguration : 

Using generated security password: eb839f10-c386-4b44-bef8-a461dcf2caf7

2021-06-23 09:20:58.408  INFO 920 --- [    Test worker] o.s.s.web.DefaultSecurityFilterChain     : Creating filter chain: any request, [org.springframework.security.web.context.request.async.WebAsyncManagerIntegrationFilter@6f5b6fbf, org.springframework.security.web.context.SecurityContextPersistenceFilter@130f5b3a, org.springframework.security.web.header.HeaderWriterFilter@57e77b, org.springframework.security.web.csrf.CsrfFilter@3810481f, org.springframework.security.web.authentication.logout.LogoutFilter@4103e9a5, org.springframework.security.web.authentication.UsernamePasswordAuthenticationFilter@6255fb47, org.springframework.security.web.authentication.ui.DefaultLoginPageGeneratingFilter@db0dd5a, org.springframework.security.web.authentication.ui.DefaultLogoutPageGeneratingFilter@35c47001, org.springframework.security.web.authentication.www.BasicAuthenticationFilter@59bb9999, org.springframework.security.web.savedrequest.RequestCacheAwareFilter@6032edcd, org.springframework.security.web.servletapi.SecurityContextHolderAwareRequestFilter@5f61a28f, org.springframework.security.web.authentication.AnonymousAuthenticationFilter@30365071, org.springframework.security.web.session.SessionManagementFilter@3a3d17de, org.springframework.security.web.access.ExceptionTranslationFilter@1b1d0a7c, org.springframework.security.web.access.intercept.FilterSecurityInterceptor@3d6eae0e]
2021-06-23 09:20:58.474  INFO 920 --- [    Test worker] o.s.b.t.m.w.SpringBootMockServletContext : Initializing Spring TestDispatcherServlet ''
2021-06-23 09:20:58.475  INFO 920 --- [    Test worker] o.s.t.web.servlet.TestDispatcherServlet  : Initializing Servlet ''
2021-06-23 09:20:58.494  INFO 920 --- [    Test worker] o.s.t.web.servlet.TestDispatcherServlet  : Completed initialization in 19 ms
2021-06-23 09:20:58.546  INFO 920 --- [    Test worker] c.b.p.boot.web.HelloControllerTest       : Started HelloControllerTest in 1.682 seconds (JVM running for 16.799)
>>>>>>> Stashed changes
]]></system-out>
  <system-err><![CDATA[]]></system-err>
</testsuite>
