<?xml version="1.0" encoding="UTF-8"?>
<testsuite name="com.build.project.boot.web.HelloControllerTest" tests="2" skipped="0" failures="0" errors="0" timestamp="2021-06-22T05:23:32" hostname="DESKTOP-OT6KT9G" time="0.384">
  <properties/>
  <testcase name="returnHelloDto" classname="com.build.project.boot.web.HelloControllerTest" time="0.376"/>
  <testcase name="returnHello" classname="com.build.project.boot.web.HelloControllerTest" time="0.007"/>
  <system-out><![CDATA[14:23:28.953 [Test worker] DEBUG org.springframework.test.context.junit4.SpringJUnit4ClassRunner - SpringJUnit4ClassRunner constructor called with [class com.build.project.boot.web.HelloControllerTest]
14:23:28.962 [Test worker] DEBUG org.springframework.test.context.BootstrapUtils - Instantiating CacheAwareContextLoaderDelegate from class [org.springframework.test.context.cache.DefaultCacheAwareContextLoaderDelegate]
14:23:28.969 [Test worker] DEBUG org.springframework.test.context.BootstrapUtils - Instantiating BootstrapContext using constructor [public org.springframework.test.context.support.DefaultBootstrapContext(java.lang.Class,org.springframework.test.context.CacheAwareContextLoaderDelegate)]
14:23:28.990 [Test worker] DEBUG org.springframework.test.context.BootstrapUtils - Instantiating TestContextBootstrapper for test class [com.build.project.boot.web.HelloControllerTest] from class [org.springframework.boot.test.autoconfigure.web.servlet.WebMvcTestContextBootstrapper]
14:23:29.011 [Test worker] INFO org.springframework.boot.test.autoconfigure.web.servlet.WebMvcTestContextBootstrapper - Neither @ContextConfiguration nor @ContextHierarchy found for test class [com.build.project.boot.web.HelloControllerTest], using SpringBootContextLoader
14:23:29.014 [Test worker] DEBUG org.springframework.test.context.support.AbstractContextLoader - Did not detect default resource location for test class [com.build.project.boot.web.HelloControllerTest]: class path resource [com/build/project/boot/web/HelloControllerTest-context.xml] does not exist
14:23:29.014 [Test worker] DEBUG org.springframework.test.context.support.AbstractContextLoader - Did not detect default resource location for test class [com.build.project.boot.web.HelloControllerTest]: class path resource [com/build/project/boot/web/HelloControllerTestContext.groovy] does not exist
14:23:29.015 [Test worker] INFO org.springframework.test.context.support.AbstractContextLoader - Could not detect default resource locations for test class [com.build.project.boot.web.HelloControllerTest]: no resource found for suffixes {-context.xml, Context.groovy}.
14:23:29.016 [Test worker] INFO org.springframework.test.context.support.AnnotationConfigContextLoaderUtils - Could not detect default configuration classes for test class [com.build.project.boot.web.HelloControllerTest]: HelloControllerTest does not declare any static, non-private, non-final, nested classes annotated with @Configuration.
14:23:29.085 [Test worker] DEBUG org.springframework.test.context.support.ActiveProfilesUtils - Could not find an 'annotation declaring class' for annotation type [org.springframework.test.context.ActiveProfiles] and class [com.build.project.boot.web.HelloControllerTest]
14:23:29.165 [Test worker] DEBUG org.springframework.context.annotation.ClassPathScanningCandidateComponentProvider - Identified candidate component class: file [C:\Users\user\IdeaProjects\boot-project-build\build\classes\java\main\com\build\project\boot\Application.class]
14:23:29.167 [Test worker] INFO org.springframework.boot.test.context.SpringBootTestContextBootstrapper - Found @SpringBootConfiguration com.build.project.boot.Application for test class com.build.project.boot.web.HelloControllerTest
14:23:29.170 [Test worker] DEBUG org.springframework.boot.test.autoconfigure.web.servlet.WebMvcTestContextBootstrapper - @TestExecutionListeners is not present for class [com.build.project.boot.web.HelloControllerTest]: using defaults.
14:23:29.171 [Test worker] INFO org.springframework.boot.test.autoconfigure.web.servlet.WebMvcTestContextBootstrapper - Loaded default TestExecutionListener class names from location [META-INF/spring.factories]: [org.springframework.security.test.context.support.WithSecurityContextTestExecutionListener, org.springframework.security.test.context.support.ReactorContextTestExecutionListener, org.springframework.boot.test.autoconfigure.restdocs.RestDocsTestExecutionListener, org.springframework.boot.test.autoconfigure.web.client.MockRestServiceServerResetTestExecutionListener, org.springframework.boot.test.autoconfigure.web.servlet.MockMvcPrintOnlyOnFailureTestExecutionListener, org.springframework.boot.test.autoconfigure.web.servlet.WebDriverTestExecutionListener, org.springframework.boot.test.mock.mockito.MockitoTestExecutionListener, org.springframework.boot.test.mock.mockito.ResetMocksTestExecutionListener, org.springframework.test.context.web.ServletTestExecutionListener, org.springframework.test.context.support.DirtiesContextBeforeModesTestExecutionListener, org.springframework.test.context.support.DependencyInjectionTestExecutionListener, org.springframework.test.context.support.DirtiesContextTestExecutionListener, org.springframework.test.context.transaction.TransactionalTestExecutionListener, org.springframework.test.context.jdbc.SqlScriptsTestExecutionListener]
14:23:29.195 [Test worker] INFO org.springframework.boot.test.autoconfigure.web.servlet.WebMvcTestContextBootstrapper - Using TestExecutionListeners: [org.springframework.test.context.web.ServletTestExecutionListener@56e21585, org.springframework.test.context.support.DirtiesContextBeforeModesTestExecutionListener@2f0fd2af, org.springframework.boot.test.mock.mockito.MockitoTestExecutionListener@51a667a5, org.springframework.boot.test.autoconfigure.SpringBootDependencyInjectionTestExecutionListener@161355e4, org.springframework.test.context.support.DirtiesContextTestExecutionListener@509b249e, org.springframework.test.context.transaction.TransactionalTestExecutionListener@1d00e88, org.springframework.test.context.jdbc.SqlScriptsTestExecutionListener@63a9da58, org.springframework.security.test.context.support.WithSecurityContextTestExecutionListener@6f990fbc, org.springframework.security.test.context.support.ReactorContextTestExecutionListener@662f6905, org.springframework.boot.test.autoconfigure.restdocs.RestDocsTestExecutionListener@670a8f06, org.springframework.boot.test.autoconfigure.web.client.MockRestServiceServerResetTestExecutionListener@4adcf2a5, org.springframework.boot.test.autoconfigure.web.servlet.MockMvcPrintOnlyOnFailureTestExecutionListener@6d9ff0ad, org.springframework.boot.test.autoconfigure.web.servlet.WebDriverTestExecutionListener@70e5cb5a, org.springframework.boot.test.mock.mockito.ResetMocksTestExecutionListener@432418ff]
14:23:29.198 [Test worker] DEBUG org.springframework.test.annotation.ProfileValueUtils - Retrieved @ProfileValueSourceConfiguration [null] for test class [com.build.project.boot.web.HelloControllerTest]
14:23:29.199 [Test worker] DEBUG org.springframework.test.annotation.ProfileValueUtils - Retrieved ProfileValueSource type [class org.springframework.test.annotation.SystemProfileValueSource] for class [com.build.project.boot.web.HelloControllerTest]
14:23:29.200 [Test worker] DEBUG org.springframework.test.annotation.ProfileValueUtils - Retrieved @ProfileValueSourceConfiguration [null] for test class [com.build.project.boot.web.HelloControllerTest]
14:23:29.200 [Test worker] DEBUG org.springframework.test.annotation.ProfileValueUtils - Retrieved ProfileValueSource type [class org.springframework.test.annotation.SystemProfileValueSource] for class [com.build.project.boot.web.HelloControllerTest]
14:23:29.205 [Test worker] DEBUG org.springframework.test.context.support.AbstractDirtiesContextTestExecutionListener - Before test class: context [DefaultTestContext@191a6570 testClass = HelloControllerTest, testInstance = [null], testMethod = [null], testException = [null], mergedContextConfiguration = [WebMergedContextConfiguration@42bb8faf testClass = HelloControllerTest, locations = '{}', classes = '{class com.build.project.boot.Application}', contextInitializerClasses = '[]', activeProfiles = '{}', propertySourceLocations = '{}', propertySourceProperties = '{org.springframework.boot.test.autoconfigure.web.servlet.WebMvcTestContextBootstrapper=true}', contextCustomizers = set[org.springframework.boot.test.autoconfigure.OverrideAutoConfigurationContextCustomizerFactory$DisableAutoConfigurationContextCustomizer@529d365d, org.springframework.boot.test.autoconfigure.filter.TypeExcludeFiltersContextCustomizer@1bace7c4, org.springframework.boot.test.autoconfigure.properties.PropertyMappingContextCustomizer@d5fb9f90, org.springframework.boot.test.autoconfigure.web.servlet.WebDriverContextCustomizerFactory$Customizer@6727890b, [ImportsContextCustomizer@51e3c038 key = [org.springframework.boot.autoconfigure.cache.CacheAutoConfiguration, org.springframework.boot.autoconfigure.context.MessageSourceAutoConfiguration, org.springframework.boot.autoconfigure.data.web.SpringDataWebAutoConfiguration, org.springframework.boot.autoconfigure.freemarker.FreeMarkerAutoConfiguration, org.springframework.boot.autoconfigure.groovy.template.GroovyTemplateAutoConfiguration, org.springframework.boot.autoconfigure.gson.GsonAutoConfiguration, org.springframework.boot.autoconfigure.hateoas.HypermediaAutoConfiguration, org.springframework.boot.autoconfigure.http.HttpMessageConvertersAutoConfiguration, org.springframework.boot.autoconfigure.jackson.JacksonAutoConfiguration, org.springframework.boot.autoconfigure.jsonb.JsonbAutoConfiguration, org.springframework.boot.autoconfigure.mustache.MustacheAutoConfiguration, org.springframework.boot.autoconfigure.task.TaskExecutionAutoConfiguration, org.springframework.boot.autoconfigure.thymeleaf.ThymeleafAutoConfiguration, org.springframework.boot.autoconfigure.validation.ValidationAutoConfiguration, org.springframework.boot.autoconfigure.web.servlet.error.ErrorMvcAutoConfiguration, org.springframework.boot.autoconfigure.web.servlet.WebMvcAutoConfiguration, org.springframework.boot.test.autoconfigure.web.servlet.MockMvcAutoConfiguration, org.springframework.boot.test.autoconfigure.web.servlet.MockMvcSecurityAutoConfiguration, org.springframework.boot.test.autoconfigure.web.servlet.MockMvcWebClientAutoConfiguration, org.springframework.boot.test.autoconfigure.web.servlet.MockMvcWebDriverAutoConfiguration]], org.springframework.boot.test.context.filter.ExcludeFilterContextCustomizer@1f69e8f9, org.springframework.boot.test.json.DuplicateJsonObjectContextCustomizerFactory$DuplicateJsonObjectContextCustomizer@334518b3, org.springframework.boot.test.mock.mockito.MockitoContextCustomizer@0], resourceBasePath = 'src/main/webapp', contextLoader = 'org.springframework.boot.test.context.SpringBootContextLoader', parent = [null]], attributes = map[[empty]]], class annotated with @DirtiesContext [false] with mode [null].
14:23:29.206 [Test worker] DEBUG org.springframework.test.annotation.ProfileValueUtils - Retrieved @ProfileValueSourceConfiguration [null] for test class [com.build.project.boot.web.HelloControllerTest]
14:23:29.206 [Test worker] DEBUG org.springframework.test.annotation.ProfileValueUtils - Retrieved ProfileValueSource type [class org.springframework.test.annotation.SystemProfileValueSource] for class [com.build.project.boot.web.HelloControllerTest]
14:23:29.211 [Test worker] DEBUG org.springframework.test.context.support.DependencyInjectionTestExecutionListener - Performing dependency injection for test context [[DefaultTestContext@191a6570 testClass = HelloControllerTest, testInstance = com.build.project.boot.web.HelloControllerTest@1a142ba0, testMethod = [null], testException = [null], mergedContextConfiguration = [WebMergedContextConfiguration@42bb8faf testClass = HelloControllerTest, locations = '{}', classes = '{class com.build.project.boot.Application}', contextInitializerClasses = '[]', activeProfiles = '{}', propertySourceLocations = '{}', propertySourceProperties = '{org.springframework.boot.test.autoconfigure.web.servlet.WebMvcTestContextBootstrapper=true}', contextCustomizers = set[org.springframework.boot.test.autoconfigure.OverrideAutoConfigurationContextCustomizerFactory$DisableAutoConfigurationContextCustomizer@529d365d, org.springframework.boot.test.autoconfigure.filter.TypeExcludeFiltersContextCustomizer@1bace7c4, org.springframework.boot.test.autoconfigure.properties.PropertyMappingContextCustomizer@d5fb9f90, org.springframework.boot.test.autoconfigure.web.servlet.WebDriverContextCustomizerFactory$Customizer@6727890b, [ImportsContextCustomizer@51e3c038 key = [org.springframework.boot.autoconfigure.cache.CacheAutoConfiguration, org.springframework.boot.autoconfigure.context.MessageSourceAutoConfiguration, org.springframework.boot.autoconfigure.data.web.SpringDataWebAutoConfiguration, org.springframework.boot.autoconfigure.freemarker.FreeMarkerAutoConfiguration, org.springframework.boot.autoconfigure.groovy.template.GroovyTemplateAutoConfiguration, org.springframework.boot.autoconfigure.gson.GsonAutoConfiguration, org.springframework.boot.autoconfigure.hateoas.HypermediaAutoConfiguration, org.springframework.boot.autoconfigure.http.HttpMessageConvertersAutoConfiguration, org.springframework.boot.autoconfigure.jackson.JacksonAutoConfiguration, org.springframework.boot.autoconfigure.jsonb.JsonbAutoConfiguration, org.springframework.boot.autoconfigure.mustache.MustacheAutoConfiguration, org.springframework.boot.autoconfigure.task.TaskExecutionAutoConfiguration, org.springframework.boot.autoconfigure.thymeleaf.ThymeleafAutoConfiguration, org.springframework.boot.autoconfigure.validation.ValidationAutoConfiguration, org.springframework.boot.autoconfigure.web.servlet.error.ErrorMvcAutoConfiguration, org.springframework.boot.autoconfigure.web.servlet.WebMvcAutoConfiguration, org.springframework.boot.test.autoconfigure.web.servlet.MockMvcAutoConfiguration, org.springframework.boot.test.autoconfigure.web.servlet.MockMvcSecurityAutoConfiguration, org.springframework.boot.test.autoconfigure.web.servlet.MockMvcWebClientAutoConfiguration, org.springframework.boot.test.autoconfigure.web.servlet.MockMvcWebDriverAutoConfiguration]], org.springframework.boot.test.context.filter.ExcludeFilterContextCustomizer@1f69e8f9, org.springframework.boot.test.json.DuplicateJsonObjectContextCustomizerFactory$DuplicateJsonObjectContextCustomizer@334518b3, org.springframework.boot.test.mock.mockito.MockitoContextCustomizer@0], resourceBasePath = 'src/main/webapp', contextLoader = 'org.springframework.boot.test.context.SpringBootContextLoader', parent = [null]], attributes = map[[empty]]]].
14:23:29.326 [Test worker] DEBUG org.springframework.test.context.support.TestPropertySourceUtils - Adding inlined properties to environment: {spring.jmx.enabled=false, org.springframework.boot.test.autoconfigure.web.servlet.WebMvcTestContextBootstrapper=true, server.port=-1}

  .   ____          _            __ _ _
 /\\ / ___'_ __ _ _(_)_ __  __ _ \ \ \ \
( ( )\___ | '_ | '_| | '_ \/ _` | \ \ \ \
 \\/  ___)| |_)| | | | | || (_| |  ) ) ) )
  '  |____| .__|_| |_|_| |_\__, | / / / /
 =========|_|==============|___/=/_/_/_/
 :: Spring Boot ::        (v2.1.7.RELEASE)

2021-06-22 14:23:29.589  INFO 648 --- [    Test worker] c.b.p.boot.web.HelloControllerTest       : Starting HelloControllerTest on DESKTOP-OT6KT9G with PID 648 (started by user in C:\Users\user\IdeaProjects\boot-project-build)
2021-06-22 14:23:29.598  INFO 648 --- [    Test worker] c.b.p.boot.web.HelloControllerTest       : No active profile set, falling back to default profiles: default
2021-06-22 14:23:31.337  INFO 648 --- [    Test worker] o.s.s.concurrent.ThreadPoolTaskExecutor  : Initializing ExecutorService 'applicationTaskExecutor'
2021-06-22 14:23:31.434  INFO 648 --- [    Test worker] o.s.b.a.w.s.WelcomePageHandlerMapping    : Adding welcome page template: index
2021-06-22 14:23:31.780  INFO 648 --- [    Test worker] .s.s.UserDetailsServiceAutoConfiguration : 

Using generated security password: 3e39f67e-2a62-457b-87ec-945efc2d2383

2021-06-22 14:23:32.058  INFO 648 --- [    Test worker] o.s.s.web.DefaultSecurityFilterChain     : Creating filter chain: any request, [org.springframework.security.web.context.request.async.WebAsyncManagerIntegrationFilter@1e7f444f, org.springframework.security.web.context.SecurityContextPersistenceFilter@5f493239, org.springframework.security.web.header.HeaderWriterFilter@648c43c4, org.springframework.security.web.csrf.CsrfFilter@4fecbc17, org.springframework.security.web.authentication.logout.LogoutFilter@310f4848, org.springframework.security.web.authentication.UsernamePasswordAuthenticationFilter@4797633b, org.springframework.security.web.authentication.ui.DefaultLoginPageGeneratingFilter@13cefd0c, org.springframework.security.web.authentication.ui.DefaultLogoutPageGeneratingFilter@492f82d5, org.springframework.security.web.authentication.www.BasicAuthenticationFilter@551e9536, org.springframework.security.web.savedrequest.RequestCacheAwareFilter@22bc4f97, org.springframework.security.web.servletapi.SecurityContextHolderAwareRequestFilter@7c436fb5, org.springframework.security.web.authentication.AnonymousAuthenticationFilter@3e9a8b53, org.springframework.security.web.session.SessionManagementFilter@5df8747d, org.springframework.security.web.access.ExceptionTranslationFilter@194cbd83, org.springframework.security.web.access.intercept.FilterSecurityInterceptor@3255ed92]
2021-06-22 14:23:32.117  INFO 648 --- [    Test worker] o.s.b.t.m.w.SpringBootMockServletContext : Initializing Spring TestDispatcherServlet ''
2021-06-22 14:23:32.117  INFO 648 --- [    Test worker] o.s.t.web.servlet.TestDispatcherServlet  : Initializing Servlet ''
2021-06-22 14:23:32.134  INFO 648 --- [    Test worker] o.s.t.web.servlet.TestDispatcherServlet  : Completed initialization in 17 ms
2021-06-22 14:23:32.190  INFO 648 --- [    Test worker] c.b.p.boot.web.HelloControllerTest       : Started HelloControllerTest in 2.856 seconds (JVM running for 4.055)
]]></system-out>
  <system-err><![CDATA[]]></system-err>
</testsuite>
