<?xml version="1.0" encoding="UTF-8"?>
<testsuite name="com.build.project.boot.web.PostsApiControllerTest" tests="3" skipped="0" failures="0" errors="0" timestamp="2021-06-23T01:04:04" hostname="DESKTOP-OT6KT9G" time="0.22">
  <properties/>
  <testcase name="postsUpdate" classname="com.build.project.boot.web.PostsApiControllerTest" time="0.153"/>
  <testcase name="BaseTimeEntityAdd" classname="com.build.project.boot.web.PostsApiControllerTest" time="0.02"/>
  <testcase name="postsSave" classname="com.build.project.boot.web.PostsApiControllerTest" time="0.045"/>
  <system-out><![CDATA[2021-06-23 10:04:04.846  INFO 2408 --- [    Test worker] .b.t.c.SpringBootTestContextBootstrapper : Neither @ContextConfiguration nor @ContextHierarchy found for test class [com.build.project.boot.web.PostsApiControllerTest], using SpringBootContextLoader
2021-06-23 10:04:04.846  INFO 2408 --- [    Test worker] o.s.t.c.support.AbstractContextLoader    : Could not detect default resource locations for test class [com.build.project.boot.web.PostsApiControllerTest]: no resource found for suffixes {-context.xml, Context.groovy}.
2021-06-23 10:04:04.846  INFO 2408 --- [    Test worker] t.c.s.AnnotationConfigContextLoaderUtils : Could not detect default configuration classes for test class [com.build.project.boot.web.PostsApiControllerTest]: PostsApiControllerTest does not declare any static, non-private, non-final, nested classes annotated with @Configuration.
2021-06-23 10:04:04.846  INFO 2408 --- [    Test worker] .b.t.c.SpringBootTestContextBootstrapper : Found @SpringBootConfiguration com.build.project.boot.Application for test class com.build.project.boot.web.PostsApiControllerTest
2021-06-23 10:04:04.846  INFO 2408 --- [    Test worker] .b.t.c.SpringBootTestContextBootstrapper : Loaded default TestExecutionListener class names from location [META-INF/spring.factories]: [org.springframework.security.test.context.support.WithSecurityContextTestExecutionListener, org.springframework.security.test.context.support.ReactorContextTestExecutionListener, org.springframework.boot.test.autoconfigure.restdocs.RestDocsTestExecutionListener, org.springframework.boot.test.autoconfigure.web.client.MockRestServiceServerResetTestExecutionListener, org.springframework.boot.test.autoconfigure.web.servlet.MockMvcPrintOnlyOnFailureTestExecutionListener, org.springframework.boot.test.autoconfigure.web.servlet.WebDriverTestExecutionListener, org.springframework.boot.test.mock.mockito.MockitoTestExecutionListener, org.springframework.boot.test.mock.mockito.ResetMocksTestExecutionListener, org.springframework.test.context.web.ServletTestExecutionListener, org.springframework.test.context.support.DirtiesContextBeforeModesTestExecutionListener, org.springframework.test.context.support.DependencyInjectionTestExecutionListener, org.springframework.test.context.support.DirtiesContextTestExecutionListener, org.springframework.test.context.transaction.TransactionalTestExecutionListener, org.springframework.test.context.jdbc.SqlScriptsTestExecutionListener]
2021-06-23 10:04:04.854  INFO 2408 --- [    Test worker] .b.t.c.SpringBootTestContextBootstrapper : Using TestExecutionListeners: [org.springframework.test.context.web.ServletTestExecutionListener@580d3d58, org.springframework.test.context.support.DirtiesContextBeforeModesTestExecutionListener@23117935, org.springframework.boot.test.mock.mockito.MockitoTestExecutionListener@7af77500, org.springframework.boot.test.autoconfigure.SpringBootDependencyInjectionTestExecutionListener@3443c387, org.springframework.test.context.support.DirtiesContextTestExecutionListener@595cfaa, org.springframework.test.context.transaction.TransactionalTestExecutionListener@2d65d6fc, org.springframework.test.context.jdbc.SqlScriptsTestExecutionListener@6c7be925, org.springframework.security.test.context.support.WithSecurityContextTestExecutionListener@468e50d6, org.springframework.security.test.context.support.ReactorContextTestExecutionListener@6d4d2f32, org.springframework.boot.test.autoconfigure.restdocs.RestDocsTestExecutionListener@6e1cc651, org.springframework.boot.test.autoconfigure.web.client.MockRestServiceServerResetTestExecutionListener@5d1d2876, org.springframework.boot.test.autoconfigure.web.servlet.MockMvcPrintOnlyOnFailureTestExecutionListener@6921dbe3, org.springframework.boot.test.autoconfigure.web.servlet.WebDriverTestExecutionListener@6d114d4a, org.springframework.boot.test.mock.mockito.ResetMocksTestExecutionListener@653730f7]
2021-06-23 10:04:04.864  INFO 2408 --- [    Test worker] o.a.c.c.C.[Tomcat].[localhost].[/]       : Initializing Spring TestDispatcherServlet ''
2021-06-23 10:04:04.864  INFO 2408 --- [    Test worker] o.s.t.web.servlet.TestDispatcherServlet  : Initializing Servlet ''
2021-06-23 10:04:04.869  INFO 2408 --- [    Test worker] o.s.t.web.servlet.TestDispatcherServlet  : Completed initialization in 4 ms
Hibernate: insert into posts (created_date, modified_date, author, content, title) values (?, ?, ?, ?, ?)
Hibernate: select posts0_.id as id1_0_0_, posts0_.created_date as created_2_0_0_, posts0_.modified_date as modified3_0_0_, posts0_.author as author4_0_0_, posts0_.content as content5_0_0_, posts0_.title as title6_0_0_ from posts posts0_ where posts0_.id=?
Hibernate: update posts set created_date=?, modified_date=?, author=?, content=?, title=? where id=?
Hibernate: select posts0_.id as id1_0_, posts0_.created_date as created_2_0_, posts0_.modified_date as modified3_0_, posts0_.author as author4_0_, posts0_.content as content5_0_, posts0_.title as title6_0_ from posts posts0_
Hibernate: select posts0_.id as id1_0_, posts0_.created_date as created_2_0_, posts0_.modified_date as modified3_0_, posts0_.author as author4_0_, posts0_.content as content5_0_, posts0_.title as title6_0_ from posts posts0_
Hibernate: delete from posts where id=?
2021-06-23 10:04:05.010  INFO 2408 --- [    Test worker] o.a.c.c.C.[Tomcat].[localhost].[/]       : Initializing Spring TestDispatcherServlet ''
2021-06-23 10:04:05.010  INFO 2408 --- [    Test worker] o.s.t.web.servlet.TestDispatcherServlet  : Initializing Servlet ''
2021-06-23 10:04:05.020  INFO 2408 --- [    Test worker] o.s.t.web.servlet.TestDispatcherServlet  : Completed initialization in 10 ms
Hibernate: insert into posts (created_date, modified_date, author, content, title) values (?, ?, ?, ?, ?)
Hibernate: select posts0_.id as id1_0_, posts0_.created_date as created_2_0_, posts0_.modified_date as modified3_0_, posts0_.author as author4_0_, posts0_.content as content5_0_, posts0_.title as title6_0_ from posts posts0_
>>>>>>>>>>>> createdDate: 2021-06-23T10:04:05.020
 >>>>>>>>>>>> modifiedDate: 2021-06-23T10:04:05.020
Hibernate: select posts0_.id as id1_0_, posts0_.created_date as created_2_0_, posts0_.modified_date as modified3_0_, posts0_.author as author4_0_, posts0_.content as content5_0_, posts0_.title as title6_0_ from posts posts0_
Hibernate: delete from posts where id=?
2021-06-23 10:04:05.030  INFO 2408 --- [    Test worker] o.a.c.c.C.[Tomcat].[localhost].[/]       : Initializing Spring TestDispatcherServlet ''
2021-06-23 10:04:05.030  INFO 2408 --- [    Test worker] o.s.t.web.servlet.TestDispatcherServlet  : Initializing Servlet ''
2021-06-23 10:04:05.038  INFO 2408 --- [    Test worker] o.s.t.web.servlet.TestDispatcherServlet  : Completed initialization in 8 ms
Hibernate: insert into posts (created_date, modified_date, author, content, title) values (?, ?, ?, ?, ?)
Hibernate: select posts0_.id as id1_0_, posts0_.created_date as created_2_0_, posts0_.modified_date as modified3_0_, posts0_.author as author4_0_, posts0_.content as content5_0_, posts0_.title as title6_0_ from posts posts0_
Hibernate: select posts0_.id as id1_0_, posts0_.created_date as created_2_0_, posts0_.modified_date as modified3_0_, posts0_.author as author4_0_, posts0_.content as content5_0_, posts0_.title as title6_0_ from posts posts0_
Hibernate: delete from posts where id=?
]]></system-out>
  <system-err><![CDATA[]]></system-err>
</testsuite>
