<?xml version="1.0" encoding="UTF-8"?>
<testsuite name="com.build.project.boot.domain.posts.PostsRepositoryTest" tests="1" skipped="0" failures="0" errors="0" timestamp="2021-06-22T05:23:40" hostname="DESKTOP-OT6KT9G" time="0.016">
  <properties/>
  <testcase name="postsSaveAndLoad" classname="com.build.project.boot.domain.posts.PostsRepositoryTest" time="0.016"/>
  <system-out><![CDATA[2021-06-22 14:23:39.105  INFO 648 --- [    Test worker] .b.t.c.SpringBootTestContextBootstrapper : Neither @ContextConfiguration nor @ContextHierarchy found for test class [com.build.project.boot.domain.posts.PostsRepositoryTest], using SpringBootContextLoader
2021-06-22 14:23:39.105  INFO 648 --- [    Test worker] o.s.t.c.support.AbstractContextLoader    : Could not detect default resource locations for test class [com.build.project.boot.domain.posts.PostsRepositoryTest]: no resource found for suffixes {-context.xml, Context.groovy}.
2021-06-22 14:23:39.106  INFO 648 --- [    Test worker] t.c.s.AnnotationConfigContextLoaderUtils : Could not detect default configuration classes for test class [com.build.project.boot.domain.posts.PostsRepositoryTest]: PostsRepositoryTest does not declare any static, non-private, non-final, nested classes annotated with @Configuration.
2021-06-22 14:23:39.113  INFO 648 --- [    Test worker] .b.t.c.SpringBootTestContextBootstrapper : Found @SpringBootConfiguration com.build.project.boot.Application for test class com.build.project.boot.domain.posts.PostsRepositoryTest
2021-06-22 14:23:39.115  INFO 648 --- [    Test worker] .b.t.c.SpringBootTestContextBootstrapper : Loaded default TestExecutionListener class names from location [META-INF/spring.factories]: [org.springframework.security.test.context.support.WithSecurityContextTestExecutionListener, org.springframework.security.test.context.support.ReactorContextTestExecutionListener, org.springframework.boot.test.autoconfigure.restdocs.RestDocsTestExecutionListener, org.springframework.boot.test.autoconfigure.web.client.MockRestServiceServerResetTestExecutionListener, org.springframework.boot.test.autoconfigure.web.servlet.MockMvcPrintOnlyOnFailureTestExecutionListener, org.springframework.boot.test.autoconfigure.web.servlet.WebDriverTestExecutionListener, org.springframework.boot.test.mock.mockito.MockitoTestExecutionListener, org.springframework.boot.test.mock.mockito.ResetMocksTestExecutionListener, org.springframework.test.context.web.ServletTestExecutionListener, org.springframework.test.context.support.DirtiesContextBeforeModesTestExecutionListener, org.springframework.test.context.support.DependencyInjectionTestExecutionListener, org.springframework.test.context.support.DirtiesContextTestExecutionListener, org.springframework.test.context.transaction.TransactionalTestExecutionListener, org.springframework.test.context.jdbc.SqlScriptsTestExecutionListener]
2021-06-22 14:23:39.116  INFO 648 --- [    Test worker] .b.t.c.SpringBootTestContextBootstrapper : Using TestExecutionListeners: [org.springframework.test.context.web.ServletTestExecutionListener@567f77c2, org.springframework.test.context.support.DirtiesContextBeforeModesTestExecutionListener@5a1ea001, org.springframework.boot.test.mock.mockito.MockitoTestExecutionListener@6dd6e201, org.springframework.boot.test.autoconfigure.SpringBootDependencyInjectionTestExecutionListener@7099cf1f, org.springframework.test.context.support.DirtiesContextTestExecutionListener@5df577a9, org.springframework.test.context.transaction.TransactionalTestExecutionListener@7244cabe, org.springframework.test.context.jdbc.SqlScriptsTestExecutionListener@2858f81d, org.springframework.security.test.context.support.WithSecurityContextTestExecutionListener@16872b3e, org.springframework.security.test.context.support.ReactorContextTestExecutionListener@60395e78, org.springframework.boot.test.autoconfigure.restdocs.RestDocsTestExecutionListener@34fc69fb, org.springframework.boot.test.autoconfigure.web.client.MockRestServiceServerResetTestExecutionListener@5b8be769, org.springframework.boot.test.autoconfigure.web.servlet.MockMvcPrintOnlyOnFailureTestExecutionListener@747af9fd, org.springframework.boot.test.autoconfigure.web.servlet.WebDriverTestExecutionListener@5e9ab394, org.springframework.boot.test.mock.mockito.ResetMocksTestExecutionListener@9feaa0d]

  .   ____          _            __ _ _
 /\\ / ___'_ __ _ _(_)_ __  __ _ \ \ \ \
( ( )\___ | '_ | '_| | '_ \/ _` | \ \ \ \
 \\/  ___)| |_)| | | | | || (_| |  ) ) ) )
  '  |____| .__|_| |_|_| |_\__, | / / / /
 =========|_|==============|___/=/_/_/_/
 :: Spring Boot ::        (v2.1.7.RELEASE)

2021-06-22 14:23:39.143  INFO 648 --- [    Test worker] c.b.p.b.d.posts.PostsRepositoryTest      : Starting PostsRepositoryTest on DESKTOP-OT6KT9G with PID 648 (started by user in C:\Users\user\IdeaProjects\boot-project-build)
2021-06-22 14:23:39.144  INFO 648 --- [    Test worker] c.b.p.b.d.posts.PostsRepositoryTest      : No active profile set, falling back to default profiles: default
2021-06-22 14:23:39.428  INFO 648 --- [    Test worker] .s.d.r.c.RepositoryConfigurationDelegate : Bootstrapping Spring Data repositories in DEFAULT mode.
2021-06-22 14:23:39.452  INFO 648 --- [    Test worker] .s.d.r.c.RepositoryConfigurationDelegate : Finished Spring Data repository scanning in 24ms. Found 2 repository interfaces.
2021-06-22 14:23:39.574  INFO 648 --- [    Test worker] trationDelegate$BeanPostProcessorChecker : Bean 'org.springframework.transaction.annotation.ProxyTransactionManagementConfiguration' of type [org.springframework.transaction.annotation.ProxyTransactionManagementConfiguration$$EnhancerBySpringCGLIB$$dcfe3dcc] is not eligible for getting processed by all BeanPostProcessors (for example: not eligible for auto-proxying)
2021-06-22 14:23:39.649  INFO 648 --- [    Test worker] com.zaxxer.hikari.HikariDataSource       : HikariPool-2 - Starting...
2021-06-22 14:23:39.651  INFO 648 --- [    Test worker] com.zaxxer.hikari.HikariDataSource       : HikariPool-2 - Start completed.
2021-06-22 14:23:39.672  INFO 648 --- [    Test worker] o.hibernate.jpa.internal.util.LogHelper  : HHH000204: Processing PersistenceUnitInfo [
	name: default
	...]
2021-06-22 14:23:39.682  INFO 648 --- [    Test worker] org.hibernate.dialect.Dialect            : HHH000400: Using dialect: org.hibernate.dialect.MySQL5InnoDBDialect
Hibernate: drop table if exists posts
Hibernate: drop table if exists user
Hibernate: create table posts (id bigint not null auto_increment, created_date datetime, modified_date datetime, author varchar(255), content TEXT not null, title varchar(500) not null, primary key (id)) engine=InnoDB
Hibernate: create table user (id bigint not null auto_increment, created_date datetime, modified_date datetime, email varchar(255) not null, name varchar(255) not null, picture varchar(255), role varchar(255) not null, primary key (id)) engine=InnoDB
2021-06-22 14:23:39.731  INFO 648 --- [    Test worker] o.h.t.schema.internal.SchemaCreatorImpl  : HHH000476: Executing import script 'org.hibernate.tool.schema.internal.exec.ScriptSourceInputNonExistentImpl@58df64d0'
2021-06-22 14:23:39.732  INFO 648 --- [    Test worker] j.LocalContainerEntityManagerFactoryBean : Initialized JPA EntityManagerFactory for persistence unit 'default'
2021-06-22 14:23:39.912  INFO 648 --- [    Test worker] o.h.h.i.QueryTranslatorFactoryInitiator  : HHH000397: Using ASTQueryTranslatorFactory
2021-06-22 14:23:40.058  INFO 648 --- [    Test worker] o.s.s.web.DefaultSecurityFilterChain     : Creating filter chain: any request, [org.springframework.security.web.context.request.async.WebAsyncManagerIntegrationFilter@3bb923ec, org.springframework.security.web.context.SecurityContextPersistenceFilter@58dfc22a, org.springframework.security.web.header.HeaderWriterFilter@46acf3f9, org.springframework.security.web.authentication.logout.LogoutFilter@4ad877ab, org.springframework.security.oauth2.client.web.OAuth2AuthorizationRequestRedirectFilter@48b888b8, org.springframework.security.oauth2.client.web.OAuth2LoginAuthenticationFilter@42d17a8b, org.springframework.security.web.authentication.ui.DefaultLoginPageGeneratingFilter@6cb02685, org.springframework.security.web.authentication.ui.DefaultLogoutPageGeneratingFilter@7a7c67f, org.springframework.security.web.savedrequest.RequestCacheAwareFilter@438870bc, org.springframework.security.web.servletapi.SecurityContextHolderAwareRequestFilter@629a600f, org.springframework.security.web.authentication.AnonymousAuthenticationFilter@b56737b, org.springframework.security.web.session.SessionManagementFilter@2095c627, org.springframework.security.web.access.ExceptionTranslationFilter@663b5f8, org.springframework.security.web.access.intercept.FilterSecurityInterceptor@327f0b4]
2021-06-22 14:23:40.338  INFO 648 --- [    Test worker] o.s.s.concurrent.ThreadPoolTaskExecutor  : Initializing ExecutorService 'applicationTaskExecutor'
2021-06-22 14:23:40.348  WARN 648 --- [    Test worker] aWebConfiguration$JpaWebMvcConfiguration : spring.jpa.open-in-view is enabled by default. Therefore, database queries may be performed during view rendering. Explicitly configure spring.jpa.open-in-view to disable this warning
2021-06-22 14:23:40.377  INFO 648 --- [    Test worker] o.s.b.a.w.s.WelcomePageHandlerMapping    : Adding welcome page template: index
2021-06-22 14:23:40.705  INFO 648 --- [    Test worker] s.a.ScheduledAnnotationBeanPostProcessor : No TaskScheduler/ScheduledExecutorService bean found for scheduled processing
2021-06-22 14:23:40.707  INFO 648 --- [    Test worker] c.b.p.b.d.posts.PostsRepositoryTest      : Started PostsRepositoryTest in 1.59 seconds (JVM running for 12.571)
Hibernate: insert into posts (created_date, modified_date, author, content, title) values (?, ?, ?, ?, ?)
Hibernate: select posts0_.id as id1_0_, posts0_.created_date as created_2_0_, posts0_.modified_date as modified3_0_, posts0_.author as author4_0_, posts0_.content as content5_0_, posts0_.title as title6_0_ from posts posts0_
Hibernate: select posts0_.id as id1_0_, posts0_.created_date as created_2_0_, posts0_.modified_date as modified3_0_, posts0_.author as author4_0_, posts0_.content as content5_0_, posts0_.title as title6_0_ from posts posts0_
Hibernate: delete from posts where id=?
]]></system-out>
  <system-err><![CDATA[]]></system-err>
</testsuite>
