<?xml version="1.0" encoding="UTF-8"?>
<testsuite name="com.build.project.boot.web.IndexControllerTest" tests="1" skipped="0" failures="0" errors="0" timestamp="2021-06-23T01:04:04" hostname="DESKTOP-OT6KT9G" time="0.26">
  <properties/>
  <testcase name="mainLoad" classname="com.build.project.boot.web.IndexControllerTest" time="0.26"/>
  <system-out><![CDATA[2021-06-23 10:04:02.054  INFO 2408 --- [    Test worker] .b.t.c.SpringBootTestContextBootstrapper : Neither @ContextConfiguration nor @ContextHierarchy found for test class [com.build.project.boot.web.IndexControllerTest], using SpringBootContextLoader
2021-06-23 10:04:02.054  INFO 2408 --- [    Test worker] o.s.t.c.support.AbstractContextLoader    : Could not detect default resource locations for test class [com.build.project.boot.web.IndexControllerTest]: no resource found for suffixes {-context.xml, Context.groovy}.
2021-06-23 10:04:02.056  INFO 2408 --- [    Test worker] t.c.s.AnnotationConfigContextLoaderUtils : Could not detect default configuration classes for test class [com.build.project.boot.web.IndexControllerTest]: IndexControllerTest does not declare any static, non-private, non-final, nested classes annotated with @Configuration.
2021-06-23 10:04:02.056  INFO 2408 --- [    Test worker] .b.t.c.SpringBootTestContextBootstrapper : Found @SpringBootConfiguration com.build.project.boot.Application for test class com.build.project.boot.web.IndexControllerTest
2021-06-23 10:04:02.056  INFO 2408 --- [    Test worker] .b.t.c.SpringBootTestContextBootstrapper : Loaded default TestExecutionListener class names from location [META-INF/spring.factories]: [org.springframework.security.test.context.support.WithSecurityContextTestExecutionListener, org.springframework.security.test.context.support.ReactorContextTestExecutionListener, org.springframework.boot.test.autoconfigure.restdocs.RestDocsTestExecutionListener, org.springframework.boot.test.autoconfigure.web.client.MockRestServiceServerResetTestExecutionListener, org.springframework.boot.test.autoconfigure.web.servlet.MockMvcPrintOnlyOnFailureTestExecutionListener, org.springframework.boot.test.autoconfigure.web.servlet.WebDriverTestExecutionListener, org.springframework.boot.test.mock.mockito.MockitoTestExecutionListener, org.springframework.boot.test.mock.mockito.ResetMocksTestExecutionListener, org.springframework.test.context.web.ServletTestExecutionListener, org.springframework.test.context.support.DirtiesContextBeforeModesTestExecutionListener, org.springframework.test.context.support.DependencyInjectionTestExecutionListener, org.springframework.test.context.support.DirtiesContextTestExecutionListener, org.springframework.test.context.transaction.TransactionalTestExecutionListener, org.springframework.test.context.jdbc.SqlScriptsTestExecutionListener]
2021-06-23 10:04:02.066  INFO 2408 --- [    Test worker] .b.t.c.SpringBootTestContextBootstrapper : Using TestExecutionListeners: [org.springframework.test.context.web.ServletTestExecutionListener@391d83d9, org.springframework.test.context.support.DirtiesContextBeforeModesTestExecutionListener@38fca2df, org.springframework.boot.test.mock.mockito.MockitoTestExecutionListener@44f9c3a1, org.springframework.boot.test.autoconfigure.SpringBootDependencyInjectionTestExecutionListener@2cd2077b, org.springframework.test.context.support.DirtiesContextTestExecutionListener@79044a73, org.springframework.test.context.transaction.TransactionalTestExecutionListener@2433e5d6, org.springframework.test.context.jdbc.SqlScriptsTestExecutionListener@2eddce3a, org.springframework.security.test.context.support.WithSecurityContextTestExecutionListener@1288fd45, org.springframework.security.test.context.support.ReactorContextTestExecutionListener@49046ab5, org.springframework.boot.test.autoconfigure.restdocs.RestDocsTestExecutionListener@72a22b16, org.springframework.boot.test.autoconfigure.web.client.MockRestServiceServerResetTestExecutionListener@32ce8766, org.springframework.boot.test.autoconfigure.web.servlet.MockMvcPrintOnlyOnFailureTestExecutionListener@677936af, org.springframework.boot.test.autoconfigure.web.servlet.WebDriverTestExecutionListener@d42b937, org.springframework.boot.test.mock.mockito.ResetMocksTestExecutionListener@6e5bc912]

  .   ____          _            __ _ _
 /\\ / ___'_ __ _ _(_)_ __  __ _ \ \ \ \
( ( )\___ | '_ | '_| | '_ \/ _` | \ \ \ \
 \\/  ___)| |_)| | | | | || (_| |  ) ) ) )
  '  |____| .__|_| |_|_| |_\__, | / / / /
 =========|_|==============|___/=/_/_/_/
 :: Spring Boot ::        (v2.1.7.RELEASE)

2021-06-23 10:04:02.117  INFO 2408 --- [    Test worker] c.b.p.boot.web.IndexControllerTest       : Starting IndexControllerTest on DESKTOP-OT6KT9G with PID 2408 (started by user in C:\Users\user\IdeaProjects\boot-project-build)
2021-06-23 10:04:02.117  INFO 2408 --- [    Test worker] c.b.p.boot.web.IndexControllerTest       : No active profile set, falling back to default profiles: default
2021-06-23 10:04:02.401  INFO 2408 --- [    Test worker] .s.d.r.c.RepositoryConfigurationDelegate : Bootstrapping Spring Data repositories in DEFAULT mode.
2021-06-23 10:04:02.431  INFO 2408 --- [    Test worker] .s.d.r.c.RepositoryConfigurationDelegate : Finished Spring Data repository scanning in 30ms. Found 2 repository interfaces.
2021-06-23 10:04:02.553  INFO 2408 --- [    Test worker] trationDelegate$BeanPostProcessorChecker : Bean 'org.springframework.transaction.annotation.ProxyTransactionManagementConfiguration' of type [org.springframework.transaction.annotation.ProxyTransactionManagementConfiguration$$EnhancerBySpringCGLIB$$c05f4355] is not eligible for getting processed by all BeanPostProcessors (for example: not eligible for auto-proxying)
2021-06-23 10:04:02.907  INFO 2408 --- [    Test worker] o.s.b.w.embedded.tomcat.TomcatWebServer  : Tomcat initialized with port(s): 0 (http)
2021-06-23 10:04:02.947  INFO 2408 --- [    Test worker] o.apache.catalina.core.StandardService   : Starting service [Tomcat]
2021-06-23 10:04:02.947  INFO 2408 --- [    Test worker] org.apache.catalina.core.StandardEngine  : Starting Servlet engine: [Apache Tomcat/9.0.22]
2021-06-23 10:04:03.129  INFO 2408 --- [    Test worker] o.a.c.c.C.[Tomcat].[localhost].[/]       : Initializing Spring embedded WebApplicationContext
2021-06-23 10:04:03.129  INFO 2408 --- [    Test worker] o.s.web.context.ContextLoader            : Root WebApplicationContext: initialization completed in 1002 ms
2021-06-23 10:04:03.331  INFO 2408 --- [    Test worker] com.zaxxer.hikari.HikariDataSource       : HikariPool-2 - Starting...
2021-06-23 10:04:03.331  INFO 2408 --- [    Test worker] com.zaxxer.hikari.HikariDataSource       : HikariPool-2 - Start completed.
2021-06-23 10:04:03.370  INFO 2408 --- [    Test worker] o.hibernate.jpa.internal.util.LogHelper  : HHH000204: Processing PersistenceUnitInfo [
	name: default
	...]
2021-06-23 10:04:03.381  INFO 2408 --- [    Test worker] org.hibernate.dialect.Dialect            : HHH000400: Using dialect: org.hibernate.dialect.MySQL5InnoDBDialect
Hibernate: drop table if exists posts
Hibernate: drop table if exists user
Hibernate: create table posts (id bigint not null auto_increment, created_date datetime, modified_date datetime, author varchar(255), content TEXT not null, title varchar(500) not null, primary key (id)) engine=InnoDB
Hibernate: create table user (id bigint not null auto_increment, created_date datetime, modified_date datetime, email varchar(255) not null, name varchar(255) not null, picture varchar(255), role varchar(255) not null, primary key (id)) engine=InnoDB
2021-06-23 10:04:03.441  INFO 2408 --- [    Test worker] o.h.t.schema.internal.SchemaCreatorImpl  : HHH000476: Executing import script 'org.hibernate.tool.schema.internal.exec.ScriptSourceInputNonExistentImpl@2d5bf5cd'
2021-06-23 10:04:03.441  INFO 2408 --- [    Test worker] j.LocalContainerEntityManagerFactoryBean : Initialized JPA EntityManagerFactory for persistence unit 'default'
2021-06-23 10:04:03.826  INFO 2408 --- [    Test worker] o.h.h.i.QueryTranslatorFactoryInitiator  : HHH000397: Using ASTQueryTranslatorFactory
2021-06-23 10:04:03.978  INFO 2408 --- [    Test worker] o.s.s.web.DefaultSecurityFilterChain     : Creating filter chain: any request, [org.springframework.security.web.context.request.async.WebAsyncManagerIntegrationFilter@6240bc1c, org.springframework.security.web.context.SecurityContextPersistenceFilter@4b69b863, org.springframework.security.web.header.HeaderWriterFilter@32317116, org.springframework.security.web.authentication.logout.LogoutFilter@52b0b69a, org.springframework.security.oauth2.client.web.OAuth2AuthorizationRequestRedirectFilter@5e11f365, org.springframework.security.oauth2.client.web.OAuth2LoginAuthenticationFilter@3cecda0d, org.springframework.security.web.authentication.ui.DefaultLoginPageGeneratingFilter@541ca6da, org.springframework.security.web.authentication.ui.DefaultLogoutPageGeneratingFilter@1f9b6333, org.springframework.security.web.savedrequest.RequestCacheAwareFilter@69fb2311, org.springframework.security.web.servletapi.SecurityContextHolderAwareRequestFilter@50fb46f9, org.springframework.security.web.authentication.AnonymousAuthenticationFilter@4e40217e, org.springframework.security.web.session.SessionManagementFilter@756e21b5, org.springframework.security.web.access.ExceptionTranslationFilter@8654abd, org.springframework.security.web.access.intercept.FilterSecurityInterceptor@2e0a6592]
2021-06-23 10:04:04.180  INFO 2408 --- [    Test worker] o.s.s.concurrent.ThreadPoolTaskExecutor  : Initializing ExecutorService 'applicationTaskExecutor'
2021-06-23 10:04:04.190  WARN 2408 --- [    Test worker] aWebConfiguration$JpaWebMvcConfiguration : spring.jpa.open-in-view is enabled by default. Therefore, database queries may be performed during view rendering. Explicitly configure spring.jpa.open-in-view to disable this warning
2021-06-23 10:04:04.231  INFO 2408 --- [    Test worker] o.s.b.a.w.s.WelcomePageHandlerMapping    : Adding welcome page template: index
2021-06-23 10:04:04.543  INFO 2408 --- [    Test worker] s.a.ScheduledAnnotationBeanPostProcessor : No TaskScheduler/ScheduledExecutorService bean found for scheduled processing
2021-06-23 10:04:04.573  INFO 2408 --- [    Test worker] o.s.b.w.embedded.tomcat.TomcatWebServer  : Tomcat started on port(s): 62909 (http) with context path ''
2021-06-23 10:04:04.573  INFO 2408 --- [    Test worker] c.b.p.boot.web.IndexControllerTest       : Started IndexControllerTest in 2.506 seconds (JVM running for 12.219)
2021-06-23 10:04:04.705  INFO 2408 --- [o-auto-1-exec-1] o.a.c.c.C.[Tomcat].[localhost].[/]       : Initializing Spring DispatcherServlet 'dispatcherServlet'
2021-06-23 10:04:04.705  INFO 2408 --- [o-auto-1-exec-1] o.s.web.servlet.DispatcherServlet        : Initializing Servlet 'dispatcherServlet'
2021-06-23 10:04:04.725  INFO 2408 --- [o-auto-1-exec-1] o.s.web.servlet.DispatcherServlet        : Completed initialization in 20 ms
Hibernate: select posts0_.id as id1_0_, posts0_.created_date as created_2_0_, posts0_.modified_date as modified3_0_, posts0_.author as author4_0_, posts0_.content as content5_0_, posts0_.title as title6_0_ from posts posts0_ order by posts0_.id DESC
]]></system-out>
  <system-err><![CDATA[]]></system-err>
</testsuite>
